 server is running
 server is running
 server is running
 server is running
 server is running
[ { date1: { month: 9, day: 14, hour: 16 },
    moved: false,
    edited: true,
    taken: false,
    _id: 5bc34be00af91c49ca4cb859,
    __v: 0 },
  { date1: { month: 9, day: 14, hour: 13 },
    moved: false,
    edited: true,
    taken: false,
    _id: 5bc321b00de3b344293c50cd,
    __v: 0 },
  { date1: { month: 9, day: 14, hour: 13 },
    moved: false,
    edited: true,
    taken: false,
    _id: 5bc321bf21f2644439ec805d,
    __v: 0 },
  { date1: { month: 9, day: 14, hour: 13 },
    moved: false,
    edited: true,
    taken: false,
    _id: 5bc321c721f2644439ec805e,
    __v: 0 },
  { date1: { month: 9, day: 14, hour: 13 },
    moved: false,
    edited: true,
    taken: false,
    _id: 5bc321ce21f2644439ec805f,
    __v: 0 },
  { date1: { month: 9, day: 14, hour: 13 },
    moved: false,
    edited: true,
    taken: false,
    _id: 5bc3222c9ae8bd445b33afb2,
    __v: 0 },
  { date1: { month: 9, day: 14, hour: 13 },
    moved: false,
    edited: true,
    taken: false,
    _id: 5bc3226e9ae8bd445b33afb3,
    __v: 0 },
  { date1: { month: 9, day: 14, hour: 13 },
    moved: false,
    edited: true,
    taken: false,
    _id: 5bc322769ae8bd445b33afb4,
    __v: 0 },
  { date1: { month: 9, day: 14, hour: 13 },
    moved: false,
    edited: true,
    taken: false,
    _id: 5bc3227a9ae8bd445b33afb5,
    __v: 0 },
  { date1: { month: 9, day: 14, hour: 13 },
    moved: false,
    edited: true,
    taken: false,
    _id: 5bc32297869ade447f978359,
    __v: 0 },
  { date1: { month: 9, day: 14, hour: 13 },
    moved: false,
    edited: true,
    taken: false,
    _id: 5bc3229d869ade447f97835a,
    __v: 0 },
  { date1: { month: 9, day: 14, hour: 13 },
    moved: false,
    edited: true,
    taken: false,
    _id: 5bc32316869ade447f97835b,
    __v: 0 },
  { date1: { month: 9, day: 14, hour: 13 },
    moved: false,
    edited: true,
    taken: false,
    _id: 5bc323aeb7cfcb44a3e18138,
    __v: 0 },
  { date1: { month: 9, day: 14, hour: 13 },
    moved: false,
    edited: true,
    taken: false,
    _id: 5bc323b7b7cfcb44a3e18139,
    __v: 0 },
  { date1: { month: 9, day: 14, hour: 13 },
    moved: false,
    edited: true,
    taken: false,
    _id: 5bc323b9b7cfcb44a3e1813a,
    __v: 0 },
  { date1: { month: 9, day: 14, hour: 13 },
    moved: false,
    edited: true,
    taken: false,
    _id: 5bc323bbb7cfcb44a3e1813b,
    __v: 0 },
  { date1: { month: 9, day: 14, hour: 13 },
    moved: false,
    edited: true,
    taken: false,
    _id: 5bc323cd84827d44b91e1cf3,
    __v: 0 },
  { date1: { month: 9, day: 14, hour: 13 },
    moved: false,
    edited: true,
    taken: false,
    _id: 5bc323e609658b45075bf6e3,
    __v: 0 },
  { date1: { month: 9, day: 14, hour: 13 },
    moved: false,
    edited: true,
    taken: false,
    _id: 5bc32409085f8d451e947cbd,
    __v: 0 },
  { date1: { month: 9, day: 14, hour: 12 },
    moved: false,
    edited: true,
    taken: false,
    _id: 5bc3214d77d5564417f64c97,
    __v: 0 },
  { date1: { month: 9, day: 14, hour: 12 },
    moved: false,
    edited: true,
    taken: false,
    _id: 5bc3216077d5564417f64c99,
    __v: 0 },
  { date1: { month: 9, day: 14, hour: 12 },
    moved: false,
    edited: true,
    taken: false,
    _id: 5bc321800de3b344293c50cb,
    __v: 0 },
  { date1: { month: 9, day: 14, hour: 12 },
    moved: false,
    edited: true,
    taken: false,
    _id: 5bc321860de3b344293c50cc,
    __v: 0 },
  { date1: { month: 9, day: 9, hour: 17 },
    moved: false,
    edited: true,
    taken: false,
    _id: 5bbcc270684d566bf9ce862a,
    __v: 0 },
  { date1: { month: 8, day: 24, hour: 18 },
    moved: false,
    edited: true,
    taken: false,
    _id: 5ba90a009e5976138830a705,
    __v: 0 },
  { date1: { month: 8, day: 5, hour: 23 },
    moved: false,
    edited: true,
    taken: false,
    _id: 5b90450592f9854a684682f1,
    __v: 0 },
  { date1: { month: 8, day: 5, hour: 23 },
    moved: false,
    edited: true,
    taken: false,
    _id: 5b90453092f9854a684682f3,
    __v: 0 } ]
[ { alerta: false,
    deactivated: true,
    hours: 8,
    _id: 5b90450e92f9854a684682f2,
    hour: 23,
    day: 5,
    month: 8,
    __v: 0 },
  { alerta: false,
    deactivated: true,
    hours: 12,
    _id: 5ba91108d7963713a7d7e632,
    hour: 18,
    day: 24,
    month: 8,
    __v: 0 },
  { alerta: false,
    deactivated: true,
    hours: 2,
    _id: 5bbcc978684d566bf9ce862b,
    hour: 17,
    day: 9,
    month: 9,
    __v: 0 },
  { alerta: false,
    deactivated: true,
    hours: 0,
    _id: 5bc328b8085f8d451e947cbe,
    hour: 13,
    day: 14,
    month: 9,
    __v: 0 },
  { alerta: true,
    deactivated: false,
    hours: 4,
    _id: 5bc352e80af91c49ca4cb85a,
    hour: 16,
    day: 14,
    month: 9,
    __v: 0 } ]
{ alerta: true,
  deactivated: false,
  hours: 4,
  _id: 5bc352e80af91c49ca4cb85a,
  hour: 16,
  day: 14,
  month: 9,
  __v: 0 }
{ '1': { hour: [ '12', '13', '14' ] },
  '2': { hour: [ '12', '13', '14' ] },
  '3': { hour: [ '12', '13', '14' ] },
  '4': { hour: [ '12', '13', '14' ] },
  '5': { hour: [ '12', '13', '14' ] },
  '6': { hour: [ '12', '13', '14' ] },
  '7': { hour: [ '12', '13', '14' ] },
  one: true,
  alert: true,
  _id: 5bc3215b77d5564417f64c98,
  __v: 0 }
[ { alerta: false,
    deactivated: true,
    hours: 8,
    _id: 5b90450e92f9854a684682f2,
    hour: 23,
    day: 5,
    month: 8,
    __v: 0 },
  { alerta: false,
    deactivated: true,
    hours: 12,
    _id: 5ba91108d7963713a7d7e632,
    hour: 18,
    day: 24,
    month: 8,
    __v: 0 },
  { alerta: false,
    deactivated: true,
    hours: 2,
    _id: 5bbcc978684d566bf9ce862b,
    hour: 17,
    day: 9,
    month: 9,
    __v: 0 },
  { alerta: false,
    deactivated: true,
    hours: 0,
    _id: 5bc328b8085f8d451e947cbe,
    hour: 13,
    day: 14,
    month: 9,
    __v: 0 },
  { alerta: false,
    deactivated: true,
    hours: 4,
    _id: 5bc352e80af91c49ca4cb85a,
    hour: 16,
    day: 14,
    month: 9,
    __v: 0 } ]
no s'han trobat x activar
[ { date1: { month: 9, day: 14, hour: 16 },
    moved: false,
    edited: true,
    taken: false,
    _id: 5bc34be00af91c49ca4cb859,
    __v: 0 },
  { date1: { month: 9, day: 14, hour: 13 },
    moved: false,
    edited: true,
    taken: false,
    _id: 5bc321b00de3b344293c50cd,
    __v: 0 },
  { date1: { month: 9, day: 14, hour: 13 },
    moved: false,
    edited: true,
    taken: false,
    _id: 5bc321bf21f2644439ec805d,
    __v: 0 },
  { date1: { month: 9, day: 14, hour: 13 },
    moved: false,
    edited: true,
    taken: false,
    _id: 5bc321c721f2644439ec805e,
    __v: 0 },
  { date1: { month: 9, day: 14, hour: 13 },
    moved: false,
    edited: true,
    taken: false,
    _id: 5bc321ce21f2644439ec805f,
    __v: 0 },
  { date1: { month: 9, day: 14, hour: 13 },
    moved: false,
    edited: true,
    taken: false,
    _id: 5bc3222c9ae8bd445b33afb2,
    __v: 0 },
  { date1: { month: 9, day: 14, hour: 13 },
    moved: false,
    edited: true,
    taken: false,
    _id: 5bc3226e9ae8bd445b33afb3,
    __v: 0 },
  { date1: { month: 9, day: 14, hour: 13 },
    moved: false,
    edited: true,
    taken: false,
    _id: 5bc322769ae8bd445b33afb4,
    __v: 0 },
  { date1: { month: 9, day: 14, hour: 13 },
    moved: false,
    edited: true,
    taken: false,
    _id: 5bc3227a9ae8bd445b33afb5,
    __v: 0 },
  { date1: { month: 9, day: 14, hour: 13 },
    moved: false,
    edited: true,
    taken: false,
    _id: 5bc32297869ade447f978359,
    __v: 0 },
  { date1: { month: 9, day: 14, hour: 13 },
    moved: false,
    edited: true,
    taken: false,
    _id: 5bc3229d869ade447f97835a,
    __v: 0 },
  { date1: { month: 9, day: 14, hour: 13 },
    moved: false,
    edited: true,
    taken: false,
    _id: 5bc32316869ade447f97835b,
    __v: 0 },
  { date1: { month: 9, day: 14, hour: 13 },
    moved: false,
    edited: true,
    taken: false,
    _id: 5bc323aeb7cfcb44a3e18138,
    __v: 0 },
  { date1: { month: 9, day: 14, hour: 13 },
    moved: false,
    edited: true,
    taken: false,
    _id: 5bc323b7b7cfcb44a3e18139,
    __v: 0 },
  { date1: { month: 9, day: 14, hour: 13 },
    moved: false,
    edited: true,
    taken: false,
    _id: 5bc323b9b7cfcb44a3e1813a,
    __v: 0 },
  { date1: { month: 9, day: 14, hour: 13 },
    moved: false,
    edited: true,
    taken: false,
    _id: 5bc323bbb7cfcb44a3e1813b,
    __v: 0 },
  { date1: { month: 9, day: 14, hour: 13 },
    moved: false,
    edited: true,
    taken: false,
    _id: 5bc323cd84827d44b91e1cf3,
    __v: 0 },
  { date1: { month: 9, day: 14, hour: 13 },
    moved: false,
    edited: true,
    taken: false,
    _id: 5bc323e609658b45075bf6e3,
    __v: 0 },
  { date1: { month: 9, day: 14, hour: 13 },
    moved: false,
    edited: true,
    taken: false,
    _id: 5bc32409085f8d451e947cbd,
    __v: 0 },
  { date1: { month: 9, day: 14, hour: 12 },
    moved: false,
    edited: true,
    taken: false,
    _id: 5bc3214d77d5564417f64c97,
    __v: 0 },
  { date1: { month: 9, day: 14, hour: 12 },
    moved: false,
    edited: true,
    taken: false,
    _id: 5bc3216077d5564417f64c99,
    __v: 0 },
  { date1: { month: 9, day: 14, hour: 12 },
    moved: false,
    edited: true,
    taken: false,
    _id: 5bc321800de3b344293c50cb,
    __v: 0 },
  { date1: { month: 9, day: 14, hour: 12 },
    moved: false,
    edited: true,
    taken: false,
    _id: 5bc321860de3b344293c50cc,
    __v: 0 },
  { date1: { month: 9, day: 9, hour: 17 },
    moved: false,
    edited: true,
    taken: false,
    _id: 5bbcc270684d566bf9ce862a,
    __v: 0 },
  { date1: { month: 8, day: 24, hour: 18 },
    moved: false,
    edited: true,
    taken: false,
    _id: 5ba90a009e5976138830a705,
    __v: 0 },
  { date1: { month: 8, day: 5, hour: 23 },
    moved: false,
    edited: true,
    taken: false,
    _id: 5b90450592f9854a684682f1,
    __v: 0 },
  { date1: { month: 8, day: 5, hour: 23 },
    moved: false,
    edited: true,
    taken: false,
    _id: 5b90453092f9854a684682f3,
    __v: 0 } ]
{ h: 17, wd: 1 }
No hi ha cap alerta!!
false
DSdsdas
girant...92
S'han actualitzat les hores anteriors
undefined
{ date1: { month: 9, day: 15, hour: 17 },
  moved: false,
  edited: false,
  taken: false,
  _id: 5bc4b3b92264d4729a49de30,
  __v: 0 }
15
[ { date1: { month: 9, day: 15, hour: 17 },
    moved: false,
    edited: false,
    taken: false,
    _id: 5bc4b3b92264d4729a49de30,
    __v: 0 },
  { date1: { month: 9, day: 14, hour: 16 },
    moved: false,
    edited: true,
    taken: false,
    _id: 5bc34be00af91c49ca4cb859,
    __v: 0 },
  { date1: { month: 9, day: 14, hour: 13 },
    moved: false,
    edited: true,
    taken: false,
    _id: 5bc321b00de3b344293c50cd,
    __v: 0 },
  { date1: { month: 9, day: 14, hour: 13 },
    moved: false,
    edited: true,
    taken: false,
    _id: 5bc321bf21f2644439ec805d,
    __v: 0 },
  { date1: { month: 9, day: 14, hour: 13 },
    moved: false,
    edited: true,
    taken: false,
    _id: 5bc321c721f2644439ec805e,
    __v: 0 },
  { date1: { month: 9, day: 14, hour: 13 },
    moved: false,
    edited: true,
    taken: false,
    _id: 5bc321ce21f2644439ec805f,
    __v: 0 },
  { date1: { month: 9, day: 14, hour: 13 },
    moved: false,
    edited: true,
    taken: false,
    _id: 5bc3222c9ae8bd445b33afb2,
    __v: 0 },
  { date1: { month: 9, day: 14, hour: 13 },
    moved: false,
    edited: true,
    taken: false,
    _id: 5bc3226e9ae8bd445b33afb3,
    __v: 0 },
  { date1: { month: 9, day: 14, hour: 13 },
    moved: false,
    edited: true,
    taken: false,
    _id: 5bc322769ae8bd445b33afb4,
    __v: 0 },
  { date1: { month: 9, day: 14, hour: 13 },
    moved: false,
    edited: true,
    taken: false,
    _id: 5bc3227a9ae8bd445b33afb5,
    __v: 0 },
  { date1: { month: 9, day: 14, hour: 13 },
    moved: false,
    edited: true,
    taken: false,
    _id: 5bc32297869ade447f978359,
    __v: 0 },
  { date1: { month: 9, day: 14, hour: 13 },
    moved: false,
    edited: true,
    taken: false,
    _id: 5bc3229d869ade447f97835a,
    __v: 0 },
  { date1: { month: 9, day: 14, hour: 13 },
    moved: false,
    edited: true,
    taken: false,
    _id: 5bc32316869ade447f97835b,
    __v: 0 },
  { date1: { month: 9, day: 14, hour: 13 },
    moved: false,
    edited: true,
    taken: false,
    _id: 5bc323aeb7cfcb44a3e18138,
    __v: 0 },
  { date1: { month: 9, day: 14, hour: 13 },
    moved: false,
    edited: true,
    taken: false,
    _id: 5bc323b7b7cfcb44a3e18139,
    __v: 0 },
  { date1: { month: 9, day: 14, hour: 13 },
    moved: false,
    edited: true,
    taken: false,
    _id: 5bc323b9b7cfcb44a3e1813a,
    __v: 0 },
  { date1: { month: 9, day: 14, hour: 13 },
    moved: false,
    edited: true,
    taken: false,
    _id: 5bc323bbb7cfcb44a3e1813b,
    __v: 0 },
  { date1: { month: 9, day: 14, hour: 13 },
    moved: false,
    edited: true,
    taken: false,
    _id: 5bc323cd84827d44b91e1cf3,
    __v: 0 },
  { date1: { month: 9, day: 14, hour: 13 },
    moved: false,
    edited: true,
    taken: false,
    _id: 5bc323e609658b45075bf6e3,
    __v: 0 },
  { date1: { month: 9, day: 14, hour: 13 },
    moved: false,
    edited: true,
    taken: false,
    _id: 5bc32409085f8d451e947cbd,
    __v: 0 },
  { date1: { month: 9, day: 14, hour: 12 },
    moved: false,
    edited: true,
    taken: false,
    _id: 5bc3214d77d5564417f64c97,
    __v: 0 },
  { date1: { month: 9, day: 14, hour: 12 },
    moved: false,
    edited: true,
    taken: false,
    _id: 5bc3216077d5564417f64c99,
    __v: 0 },
  { date1: { month: 9, day: 14, hour: 12 },
    moved: false,
    edited: true,
    taken: false,
    _id: 5bc321800de3b344293c50cb,
    __v: 0 },
  { date1: { month: 9, day: 14, hour: 12 },
    moved: false,
    edited: true,
    taken: false,
    _id: 5bc321860de3b344293c50cc,
    __v: 0 },
  { date1: { month: 9, day: 9, hour: 17 },
    moved: false,
    edited: true,
    taken: false,
    _id: 5bbcc270684d566bf9ce862a,
    __v: 0 },
  { date1: { month: 8, day: 24, hour: 18 },
    moved: false,
    edited: true,
    taken: false,
    _id: 5ba90a009e5976138830a705,
    __v: 0 },
  { date1: { month: 8, day: 5, hour: 23 },
    moved: false,
    edited: true,
    taken: false,
    _id: 5b90450592f9854a684682f1,
    __v: 0 },
  { date1: { month: 8, day: 5, hour: 23 },
    moved: false,
    edited: true,
    taken: false,
    _id: 5b90453092f9854a684682f3,
    __v: 0 } ]
Alerta activada
[ { alerta: false,
    deactivated: true,
    hours: 8,
    _id: 5b90450e92f9854a684682f2,
    hour: 23,
    day: 5,
    month: 8,
    __v: 0 },
  { alerta: false,
    deactivated: true,
    hours: 12,
    _id: 5ba91108d7963713a7d7e632,
    hour: 18,
    day: 24,
    month: 8,
    __v: 0 },
  { alerta: false,
    deactivated: true,
    hours: 2,
    _id: 5bbcc978684d566bf9ce862b,
    hour: 17,
    day: 9,
    month: 9,
    __v: 0 },
  { alerta: false,
    deactivated: true,
    hours: 0,
    _id: 5bc328b8085f8d451e947cbe,
    hour: 13,
    day: 14,
    month: 9,
    __v: 0 },
  { alerta: false,
    deactivated: true,
    hours: 4,
    _id: 5bc352e80af91c49ca4cb85a,
    hour: 16,
    day: 14,
    month: 9,
    __v: 0 },
  { alerta: true,
    deactivated: false,
    hours: 0,
    _id: 5bc4b3cc2264d4729a49de31,
    hour: 17,
    day: 15,
    month: 9,
    __v: 0 } ]
{ h: 17, wd: 1 }
Hi ha una alerta activada, no es pot prosseguir
true
{ alerta: true,
  deactivated: false,
  hours: 0,
  _id: 5bc4b3cc2264d4729a49de31,
  hour: 17,
  day: 15,
  month: 9,
  __v: 0 }
[ { date1: { month: 9, day: 15, hour: 17 },
    moved: false,
    edited: true,
    taken: false,
    _id: 5bc4b3b92264d4729a49de30,
    __v: 0 },
  { date1: { month: 9, day: 14, hour: 16 },
    moved: false,
    edited: true,
    taken: false,
    _id: 5bc34be00af91c49ca4cb859,
    __v: 0 },
  { date1: { month: 9, day: 14, hour: 13 },
    moved: false,
    edited: true,
    taken: false,
    _id: 5bc321b00de3b344293c50cd,
    __v: 0 },
  { date1: { month: 9, day: 14, hour: 13 },
    moved: false,
    edited: true,
    taken: false,
    _id: 5bc321bf21f2644439ec805d,
    __v: 0 },
  { date1: { month: 9, day: 14, hour: 13 },
    moved: false,
    edited: true,
    taken: false,
    _id: 5bc321c721f2644439ec805e,
    __v: 0 },
  { date1: { month: 9, day: 14, hour: 13 },
    moved: false,
    edited: true,
    taken: false,
    _id: 5bc321ce21f2644439ec805f,
    __v: 0 },
  { date1: { month: 9, day: 14, hour: 13 },
    moved: false,
    edited: true,
    taken: false,
    _id: 5bc3222c9ae8bd445b33afb2,
    __v: 0 },
  { date1: { month: 9, day: 14, hour: 13 },
    moved: false,
    edited: true,
    taken: false,
    _id: 5bc3226e9ae8bd445b33afb3,
    __v: 0 },
  { date1: { month: 9, day: 14, hour: 13 },
    moved: false,
    edited: true,
    taken: false,
    _id: 5bc322769ae8bd445b33afb4,
    __v: 0 },
  { date1: { month: 9, day: 14, hour: 13 },
    moved: false,
    edited: true,
    taken: false,
    _id: 5bc3227a9ae8bd445b33afb5,
    __v: 0 },
  { date1: { month: 9, day: 14, hour: 13 },
    moved: false,
    edited: true,
    taken: false,
    _id: 5bc32297869ade447f978359,
    __v: 0 },
  { date1: { month: 9, day: 14, hour: 13 },
    moved: false,
    edited: true,
    taken: false,
    _id: 5bc3229d869ade447f97835a,
    __v: 0 },
  { date1: { month: 9, day: 14, hour: 13 },
    moved: false,
    edited: true,
    taken: false,
    _id: 5bc32316869ade447f97835b,
    __v: 0 },
  { date1: { month: 9, day: 14, hour: 13 },
    moved: false,
    edited: true,
    taken: false,
    _id: 5bc323aeb7cfcb44a3e18138,
    __v: 0 },
  { date1: { month: 9, day: 14, hour: 13 },
    moved: false,
    edited: true,
    taken: false,
    _id: 5bc323b7b7cfcb44a3e18139,
    __v: 0 },
  { date1: { month: 9, day: 14, hour: 13 },
    moved: false,
    edited: true,
    taken: false,
    _id: 5bc323b9b7cfcb44a3e1813a,
    __v: 0 },
  { date1: { month: 9, day: 14, hour: 13 },
    moved: false,
    edited: true,
    taken: false,
    _id: 5bc323bbb7cfcb44a3e1813b,
    __v: 0 },
  { date1: { month: 9, day: 14, hour: 13 },
    moved: false,
    edited: true,
    taken: false,
    _id: 5bc323cd84827d44b91e1cf3,
    __v: 0 },
  { date1: { month: 9, day: 14, hour: 13 },
    moved: false,
    edited: true,
    taken: false,
    _id: 5bc323e609658b45075bf6e3,
    __v: 0 },
  { date1: { month: 9, day: 14, hour: 13 },
    moved: false,
    edited: true,
    taken: false,
    _id: 5bc32409085f8d451e947cbd,
    __v: 0 },
  { date1: { month: 9, day: 14, hour: 12 },
    moved: false,
    edited: true,
    taken: false,
    _id: 5bc3214d77d5564417f64c97,
    __v: 0 },
  { date1: { month: 9, day: 14, hour: 12 },
    moved: false,
    edited: true,
    taken: false,
    _id: 5bc3216077d5564417f64c99,
    __v: 0 },
  { date1: { month: 9, day: 14, hour: 12 },
    moved: false,
    edited: true,
    taken: false,
    _id: 5bc321800de3b344293c50cb,
    __v: 0 },
  { date1: { month: 9, day: 14, hour: 12 },
    moved: false,
    edited: true,
    taken: false,
    _id: 5bc321860de3b344293c50cc,
    __v: 0 },
  { date1: { month: 9, day: 9, hour: 17 },
    moved: false,
    edited: true,
    taken: false,
    _id: 5bbcc270684d566bf9ce862a,
    __v: 0 },
  { date1: { month: 8, day: 24, hour: 18 },
    moved: false,
    edited: true,
    taken: false,
    _id: 5ba90a009e5976138830a705,
    __v: 0 },
  { date1: { month: 8, day: 5, hour: 23 },
    moved: false,
    edited: true,
    taken: false,
    _id: 5b90450592f9854a684682f1,
    __v: 0 },
  { date1: { month: 8, day: 5, hour: 23 },
    moved: false,
    edited: true,
    taken: false,
    _id: 5b90453092f9854a684682f3,
    __v: 0 } ]
{ h: 17, wd: 1 }
Hi ha una alerta activada, no es pot prosseguir
true
{ alerta: true,
  deactivated: false,
  hours: 1,
  _id: 5bc4b3cc2264d4729a49de31,
  hour: 17,
  day: 15,
  month: 9,
  __v: 0 }
[ { date1: { month: 9, day: 15, hour: 17 },
    moved: false,
    edited: true,
    taken: false,
    _id: 5bc4b3b92264d4729a49de30,
    __v: 0 },
  { date1: { month: 9, day: 14, hour: 16 },
    moved: false,
    edited: true,
    taken: false,
    _id: 5bc34be00af91c49ca4cb859,
    __v: 0 },
  { date1: { month: 9, day: 14, hour: 13 },
    moved: false,
    edited: true,
    taken: false,
    _id: 5bc321b00de3b344293c50cd,
    __v: 0 },
  { date1: { month: 9, day: 14, hour: 13 },
    moved: false,
    edited: true,
    taken: false,
    _id: 5bc321bf21f2644439ec805d,
    __v: 0 },
  { date1: { month: 9, day: 14, hour: 13 },
    moved: false,
    edited: true,
    taken: false,
    _id: 5bc321c721f2644439ec805e,
    __v: 0 },
  { date1: { month: 9, day: 14, hour: 13 },
    moved: false,
    edited: true,
    taken: false,
    _id: 5bc321ce21f2644439ec805f,
    __v: 0 },
  { date1: { month: 9, day: 14, hour: 13 },
    moved: false,
    edited: true,
    taken: false,
    _id: 5bc3222c9ae8bd445b33afb2,
    __v: 0 },
  { date1: { month: 9, day: 14, hour: 13 },
    moved: false,
    edited: true,
    taken: false,
    _id: 5bc3226e9ae8bd445b33afb3,
    __v: 0 },
  { date1: { month: 9, day: 14, hour: 13 },
    moved: false,
    edited: true,
    taken: false,
    _id: 5bc322769ae8bd445b33afb4,
    __v: 0 },
  { date1: { month: 9, day: 14, hour: 13 },
    moved: false,
    edited: true,
    taken: false,
    _id: 5bc3227a9ae8bd445b33afb5,
    __v: 0 },
  { date1: { month: 9, day: 14, hour: 13 },
    moved: false,
    edited: true,
    taken: false,
    _id: 5bc32297869ade447f978359,
    __v: 0 },
  { date1: { month: 9, day: 14, hour: 13 },
    moved: false,
    edited: true,
    taken: false,
    _id: 5bc3229d869ade447f97835a,
    __v: 0 },
  { date1: { month: 9, day: 14, hour: 13 },
    moved: false,
    edited: true,
    taken: false,
    _id: 5bc32316869ade447f97835b,
    __v: 0 },
  { date1: { month: 9, day: 14, hour: 13 },
    moved: false,
    edited: true,
    taken: false,
    _id: 5bc323aeb7cfcb44a3e18138,
    __v: 0 },
  { date1: { month: 9, day: 14, hour: 13 },
    moved: false,
    edited: true,
    taken: false,
    _id: 5bc323b7b7cfcb44a3e18139,
    __v: 0 },
  { date1: { month: 9, day: 14, hour: 13 },
    moved: false,
    edited: true,
    taken: false,
    _id: 5bc323b9b7cfcb44a3e1813a,
    __v: 0 },
  { date1: { month: 9, day: 14, hour: 13 },
    moved: false,
    edited: true,
    taken: false,
    _id: 5bc323bbb7cfcb44a3e1813b,
    __v: 0 },
  { date1: { month: 9, day: 14, hour: 13 },
    moved: false,
    edited: true,
    taken: false,
    _id: 5bc323cd84827d44b91e1cf3,
    __v: 0 },
  { date1: { month: 9, day: 14, hour: 13 },
    moved: false,
    edited: true,
    taken: false,
    _id: 5bc323e609658b45075bf6e3,
    __v: 0 },
  { date1: { month: 9, day: 14, hour: 13 },
    moved: false,
    edited: true,
    taken: false,
    _id: 5bc32409085f8d451e947cbd,
    __v: 0 },
  { date1: { month: 9, day: 14, hour: 12 },
    moved: false,
    edited: true,
    taken: false,
    _id: 5bc3214d77d5564417f64c97,
    __v: 0 },
  { date1: { month: 9, day: 14, hour: 12 },
    moved: false,
    edited: true,
    taken: false,
    _id: 5bc3216077d5564417f64c99,
    __v: 0 },
  { date1: { month: 9, day: 14, hour: 12 },
    moved: false,
    edited: true,
    taken: false,
    _id: 5bc321800de3b344293c50cb,
    __v: 0 },
  { date1: { month: 9, day: 14, hour: 12 },
    moved: false,
    edited: true,
    taken: false,
    _id: 5bc321860de3b344293c50cc,
    __v: 0 },
  { date1: { month: 9, day: 9, hour: 17 },
    moved: false,
    edited: true,
    taken: false,
    _id: 5bbcc270684d566bf9ce862a,
    __v: 0 },
  { date1: { month: 8, day: 24, hour: 18 },
    moved: false,
    edited: true,
    taken: false,
    _id: 5ba90a009e5976138830a705,
    __v: 0 },
  { date1: { month: 8, day: 5, hour: 23 },
    moved: false,
    edited: true,
    taken: false,
    _id: 5b90450592f9854a684682f1,
    __v: 0 },
  { date1: { month: 8, day: 5, hour: 23 },
    moved: false,
    edited: true,
    taken: false,
    _id: 5b90453092f9854a684682f3,
    __v: 0 } ]
{ alerta: true,
  deactivated: false,
  hours: 2,
  _id: 5bc4b3cc2264d4729a49de31,
  hour: 17,
  day: 15,
  month: 9,
  __v: 0 }
{ '1': { hour: [ '12', '13', '14' ] },
  '2': { hour: [ '12', '13', '14' ] },
  '3': { hour: [ '12', '13', '14' ] },
  '4': { hour: [ '12', '13', '14' ] },
  '5': { hour: [ '12', '13', '14' ] },
  '6': { hour: [ '12', '13', '14' ] },
  '7': { hour: [ '12', '13', '14' ] },
  one: true,
  alert: true,
  _id: 5bc3215b77d5564417f64c98,
  __v: 0 }
[ { alerta: false,
    deactivated: true,
    hours: 8,
    _id: 5b90450e92f9854a684682f2,
    hour: 23,
    day: 5,
    month: 8,
    __v: 0 },
  { alerta: false,
    deactivated: true,
    hours: 12,
    _id: 5ba91108d7963713a7d7e632,
    hour: 18,
    day: 24,
    month: 8,
    __v: 0 },
  { alerta: false,
    deactivated: true,
    hours: 2,
    _id: 5bbcc978684d566bf9ce862b,
    hour: 17,
    day: 9,
    month: 9,
    __v: 0 },
  { alerta: false,
    deactivated: true,
    hours: 0,
    _id: 5bc328b8085f8d451e947cbe,
    hour: 13,
    day: 14,
    month: 9,
    __v: 0 },
  { alerta: false,
    deactivated: true,
    hours: 4,
    _id: 5bc352e80af91c49ca4cb85a,
    hour: 16,
    day: 14,
    month: 9,
    __v: 0 },
  { alerta: false,
    deactivated: true,
    hours: 2,
    _id: 5bc4b3cc2264d4729a49de31,
    hour: 17,
    day: 15,
    month: 9,
    __v: 0 } ]
[ { date1: { month: 9, day: 15, hour: 17 },
    moved: false,
    edited: true,
    taken: false,
    _id: 5bc4b3b92264d4729a49de30,
    __v: 0 },
  { date1: { month: 9, day: 14, hour: 16 },
    moved: false,
    edited: true,
    taken: false,
    _id: 5bc34be00af91c49ca4cb859,
    __v: 0 },
  { date1: { month: 9, day: 14, hour: 13 },
    moved: false,
    edited: true,
    taken: false,
    _id: 5bc321b00de3b344293c50cd,
    __v: 0 },
  { date1: { month: 9, day: 14, hour: 13 },
    moved: false,
    edited: true,
    taken: false,
    _id: 5bc321bf21f2644439ec805d,
    __v: 0 },
  { date1: { month: 9, day: 14, hour: 13 },
    moved: false,
    edited: true,
    taken: false,
    _id: 5bc321c721f2644439ec805e,
    __v: 0 },
  { date1: { month: 9, day: 14, hour: 13 },
    moved: false,
    edited: true,
    taken: false,
    _id: 5bc321ce21f2644439ec805f,
    __v: 0 },
  { date1: { month: 9, day: 14, hour: 13 },
    moved: false,
    edited: true,
    taken: false,
    _id: 5bc3222c9ae8bd445b33afb2,
    __v: 0 },
  { date1: { month: 9, day: 14, hour: 13 },
    moved: false,
    edited: true,
    taken: false,
    _id: 5bc3226e9ae8bd445b33afb3,
    __v: 0 },
  { date1: { month: 9, day: 14, hour: 13 },
    moved: false,
    edited: true,
    taken: false,
    _id: 5bc322769ae8bd445b33afb4,
    __v: 0 },
  { date1: { month: 9, day: 14, hour: 13 },
    moved: false,
    edited: true,
    taken: false,
    _id: 5bc3227a9ae8bd445b33afb5,
    __v: 0 },
  { date1: { month: 9, day: 14, hour: 13 },
    moved: false,
    edited: true,
    taken: false,
    _id: 5bc32297869ade447f978359,
    __v: 0 },
  { date1: { month: 9, day: 14, hour: 13 },
    moved: false,
    edited: true,
    taken: false,
    _id: 5bc3229d869ade447f97835a,
    __v: 0 },
  { date1: { month: 9, day: 14, hour: 13 },
    moved: false,
    edited: true,
    taken: false,
    _id: 5bc32316869ade447f97835b,
    __v: 0 },
  { date1: { month: 9, day: 14, hour: 13 },
    moved: false,
    edited: true,
    taken: false,
    _id: 5bc323aeb7cfcb44a3e18138,
    __v: 0 },
  { date1: { month: 9, day: 14, hour: 13 },
    moved: false,
    edited: true,
    taken: false,
    _id: 5bc323b7b7cfcb44a3e18139,
    __v: 0 },
  { date1: { month: 9, day: 14, hour: 13 },
    moved: false,
    edited: true,
    taken: false,
    _id: 5bc323b9b7cfcb44a3e1813a,
    __v: 0 },
  { date1: { month: 9, day: 14, hour: 13 },
    moved: false,
    edited: true,
    taken: false,
    _id: 5bc323bbb7cfcb44a3e1813b,
    __v: 0 },
  { date1: { month: 9, day: 14, hour: 13 },
    moved: false,
    edited: true,
    taken: false,
    _id: 5bc323cd84827d44b91e1cf3,
    __v: 0 },
  { date1: { month: 9, day: 14, hour: 13 },
    moved: false,
    edited: true,
    taken: false,
    _id: 5bc323e609658b45075bf6e3,
    __v: 0 },
  { date1: { month: 9, day: 14, hour: 13 },
    moved: false,
    edited: true,
    taken: false,
    _id: 5bc32409085f8d451e947cbd,
    __v: 0 },
  { date1: { month: 9, day: 14, hour: 12 },
    moved: false,
    edited: true,
    taken: false,
    _id: 5bc3214d77d5564417f64c97,
    __v: 0 },
  { date1: { month: 9, day: 14, hour: 12 },
    moved: false,
    edited: true,
    taken: false,
    _id: 5bc3216077d5564417f64c99,
    __v: 0 },
  { date1: { month: 9, day: 14, hour: 12 },
    moved: false,
    edited: true,
    taken: false,
    _id: 5bc321800de3b344293c50cb,
    __v: 0 },
  { date1: { month: 9, day: 14, hour: 12 },
    moved: false,
    edited: true,
    taken: false,
    _id: 5bc321860de3b344293c50cc,
    __v: 0 },
  { date1: { month: 9, day: 9, hour: 17 },
    moved: false,
    edited: true,
    taken: false,
    _id: 5bbcc270684d566bf9ce862a,
    __v: 0 },
  { date1: { month: 8, day: 24, hour: 18 },
    moved: false,
    edited: true,
    taken: false,
    _id: 5ba90a009e5976138830a705,
    __v: 0 },
  { date1: { month: 8, day: 5, hour: 23 },
    moved: false,
    edited: true,
    taken: false,
    _id: 5b90450592f9854a684682f1,
    __v: 0 },
  { date1: { month: 8, day: 5, hour: 23 },
    moved: false,
    edited: true,
    taken: false,
    _id: 5b90453092f9854a684682f3,
    __v: 0 } ]
{ h: 17, wd: 1 }
No hi ha cap alerta!!
false
DSdsdas
girant...92
S'han actualitzat les hores anteriors
{ date1: { month: 9, day: 15, hour: 17 },
  moved: false,
  edited: false,
  taken: false,
  _id: 5bc4b4032264d4729a49de32,
  __v: 0 }
15
undefined
[ { date1: { month: 9, day: 15, hour: 17 },
    moved: false,
    edited: true,
    taken: false,
    _id: 5bc4b3b92264d4729a49de30,
    __v: 0 },
  { date1: { month: 9, day: 15, hour: 17 },
    moved: false,
    edited: false,
    taken: false,
    _id: 5bc4b4032264d4729a49de32,
    __v: 0 },
  { date1: { month: 9, day: 14, hour: 16 },
    moved: false,
    edited: true,
    taken: false,
    _id: 5bc34be00af91c49ca4cb859,
    __v: 0 },
  { date1: { month: 9, day: 14, hour: 13 },
    moved: false,
    edited: true,
    taken: false,
    _id: 5bc321b00de3b344293c50cd,
    __v: 0 },
  { date1: { month: 9, day: 14, hour: 13 },
    moved: false,
    edited: true,
    taken: false,
    _id: 5bc321bf21f2644439ec805d,
    __v: 0 },
  { date1: { month: 9, day: 14, hour: 13 },
    moved: false,
    edited: true,
    taken: false,
    _id: 5bc321c721f2644439ec805e,
    __v: 0 },
  { date1: { month: 9, day: 14, hour: 13 },
    moved: false,
    edited: true,
    taken: false,
    _id: 5bc321ce21f2644439ec805f,
    __v: 0 },
  { date1: { month: 9, day: 14, hour: 13 },
    moved: false,
    edited: true,
    taken: false,
    _id: 5bc3222c9ae8bd445b33afb2,
    __v: 0 },
  { date1: { month: 9, day: 14, hour: 13 },
    moved: false,
    edited: true,
    taken: false,
    _id: 5bc3226e9ae8bd445b33afb3,
    __v: 0 },
  { date1: { month: 9, day: 14, hour: 13 },
    moved: false,
    edited: true,
    taken: false,
    _id: 5bc322769ae8bd445b33afb4,
    __v: 0 },
  { date1: { month: 9, day: 14, hour: 13 },
    moved: false,
    edited: true,
    taken: false,
    _id: 5bc3227a9ae8bd445b33afb5,
    __v: 0 },
  { date1: { month: 9, day: 14, hour: 13 },
    moved: false,
    edited: true,
    taken: false,
    _id: 5bc32297869ade447f978359,
    __v: 0 },
  { date1: { month: 9, day: 14, hour: 13 },
    moved: false,
    edited: true,
    taken: false,
    _id: 5bc3229d869ade447f97835a,
    __v: 0 },
  { date1: { month: 9, day: 14, hour: 13 },
    moved: false,
    edited: true,
    taken: false,
    _id: 5bc32316869ade447f97835b,
    __v: 0 },
  { date1: { month: 9, day: 14, hour: 13 },
    moved: false,
    edited: true,
    taken: false,
    _id: 5bc323aeb7cfcb44a3e18138,
    __v: 0 },
  { date1: { month: 9, day: 14, hour: 13 },
    moved: false,
    edited: true,
    taken: false,
    _id: 5bc323b7b7cfcb44a3e18139,
    __v: 0 },
  { date1: { month: 9, day: 14, hour: 13 },
    moved: false,
    edited: true,
    taken: false,
    _id: 5bc323b9b7cfcb44a3e1813a,
    __v: 0 },
  { date1: { month: 9, day: 14, hour: 13 },
    moved: false,
    edited: true,
    taken: false,
    _id: 5bc323bbb7cfcb44a3e1813b,
    __v: 0 },
  { date1: { month: 9, day: 14, hour: 13 },
    moved: false,
    edited: true,
    taken: false,
    _id: 5bc323cd84827d44b91e1cf3,
    __v: 0 },
  { date1: { month: 9, day: 14, hour: 13 },
    moved: false,
    edited: true,
    taken: false,
    _id: 5bc323e609658b45075bf6e3,
    __v: 0 },
  { date1: { month: 9, day: 14, hour: 13 },
    moved: false,
    edited: true,
    taken: false,
    _id: 5bc32409085f8d451e947cbd,
    __v: 0 },
  { date1: { month: 9, day: 14, hour: 12 },
    moved: false,
    edited: true,
    taken: false,
    _id: 5bc3214d77d5564417f64c97,
    __v: 0 },
  { date1: { month: 9, day: 14, hour: 12 },
    moved: false,
    edited: true,
    taken: false,
    _id: 5bc3216077d5564417f64c99,
    __v: 0 },
  { date1: { month: 9, day: 14, hour: 12 },
    moved: false,
    edited: true,
    taken: false,
    _id: 5bc321800de3b344293c50cb,
    __v: 0 },
  { date1: { month: 9, day: 14, hour: 12 },
    moved: false,
    edited: true,
    taken: false,
    _id: 5bc321860de3b344293c50cc,
    __v: 0 },
  { date1: { month: 9, day: 9, hour: 17 },
    moved: false,
    edited: true,
    taken: false,
    _id: 5bbcc270684d566bf9ce862a,
    __v: 0 },
  { date1: { month: 8, day: 24, hour: 18 },
    moved: false,
    edited: true,
    taken: false,
    _id: 5ba90a009e5976138830a705,
    __v: 0 },
  { date1: { month: 8, day: 5, hour: 23 },
    moved: false,
    edited: true,
    taken: false,
    _id: 5b90450592f9854a684682f1,
    __v: 0 },
  { date1: { month: 8, day: 5, hour: 23 },
    moved: false,
    edited: true,
    taken: false,
    _id: 5b90453092f9854a684682f3,
    __v: 0 } ]
[ { date1: { month: 9, day: 15, hour: 17 },
    moved: false,
    edited: true,
    taken: false,
    _id: 5bc4b3b92264d4729a49de30,
    __v: 0 },
  { date1: { month: 9, day: 15, hour: 17 },
    moved: false,
    edited: false,
    taken: false,
    _id: 5bc4b4032264d4729a49de32,
    __v: 0 },
  { date1: { month: 9, day: 14, hour: 16 },
    moved: false,
    edited: true,
    taken: false,
    _id: 5bc34be00af91c49ca4cb859,
    __v: 0 },
  { date1: { month: 9, day: 14, hour: 13 },
    moved: false,
    edited: true,
    taken: false,
    _id: 5bc321b00de3b344293c50cd,
    __v: 0 },
  { date1: { month: 9, day: 14, hour: 13 },
    moved: false,
    edited: true,
    taken: false,
    _id: 5bc321bf21f2644439ec805d,
    __v: 0 },
  { date1: { month: 9, day: 14, hour: 13 },
    moved: false,
    edited: true,
    taken: false,
    _id: 5bc321c721f2644439ec805e,
    __v: 0 },
  { date1: { month: 9, day: 14, hour: 13 },
    moved: false,
    edited: true,
    taken: false,
    _id: 5bc321ce21f2644439ec805f,
    __v: 0 },
  { date1: { month: 9, day: 14, hour: 13 },
    moved: false,
    edited: true,
    taken: false,
    _id: 5bc3222c9ae8bd445b33afb2,
    __v: 0 },
  { date1: { month: 9, day: 14, hour: 13 },
    moved: false,
    edited: true,
    taken: false,
    _id: 5bc3226e9ae8bd445b33afb3,
    __v: 0 },
  { date1: { month: 9, day: 14, hour: 13 },
    moved: false,
    edited: true,
    taken: false,
    _id: 5bc322769ae8bd445b33afb4,
    __v: 0 },
  { date1: { month: 9, day: 14, hour: 13 },
    moved: false,
    edited: true,
    taken: false,
    _id: 5bc3227a9ae8bd445b33afb5,
    __v: 0 },
  { date1: { month: 9, day: 14, hour: 13 },
    moved: false,
    edited: true,
    taken: false,
    _id: 5bc32297869ade447f978359,
    __v: 0 },
  { date1: { month: 9, day: 14, hour: 13 },
    moved: false,
    edited: true,
    taken: false,
    _id: 5bc3229d869ade447f97835a,
    __v: 0 },
  { date1: { month: 9, day: 14, hour: 13 },
    moved: false,
    edited: true,
    taken: false,
    _id: 5bc32316869ade447f97835b,
    __v: 0 },
  { date1: { month: 9, day: 14, hour: 13 },
    moved: false,
    edited: true,
    taken: false,
    _id: 5bc323aeb7cfcb44a3e18138,
    __v: 0 },
  { date1: { month: 9, day: 14, hour: 13 },
    moved: false,
    edited: true,
    taken: false,
    _id: 5bc323b7b7cfcb44a3e18139,
    __v: 0 },
  { date1: { month: 9, day: 14, hour: 13 },
    moved: false,
    edited: true,
    taken: false,
    _id: 5bc323b9b7cfcb44a3e1813a,
    __v: 0 },
  { date1: { month: 9, day: 14, hour: 13 },
    moved: false,
    edited: true,
    taken: false,
    _id: 5bc323bbb7cfcb44a3e1813b,
    __v: 0 },
  { date1: { month: 9, day: 14, hour: 13 },
    moved: false,
    edited: true,
    taken: false,
    _id: 5bc323cd84827d44b91e1cf3,
    __v: 0 },
  { date1: { month: 9, day: 14, hour: 13 },
    moved: false,
    edited: true,
    taken: false,
    _id: 5bc323e609658b45075bf6e3,
    __v: 0 },
  { date1: { month: 9, day: 14, hour: 13 },
    moved: false,
    edited: true,
    taken: false,
    _id: 5bc32409085f8d451e947cbd,
    __v: 0 },
  { date1: { month: 9, day: 14, hour: 12 },
    moved: false,
    edited: true,
    taken: false,
    _id: 5bc3214d77d5564417f64c97,
    __v: 0 },
  { date1: { month: 9, day: 14, hour: 12 },
    moved: false,
    edited: true,
    taken: false,
    _id: 5bc3216077d5564417f64c99,
    __v: 0 },
  { date1: { month: 9, day: 14, hour: 12 },
    moved: false,
    edited: true,
    taken: false,
    _id: 5bc321800de3b344293c50cb,
    __v: 0 },
  { date1: { month: 9, day: 14, hour: 12 },
    moved: false,
    edited: true,
    taken: false,
    _id: 5bc321860de3b344293c50cc,
    __v: 0 },
  { date1: { month: 9, day: 9, hour: 17 },
    moved: false,
    edited: true,
    taken: false,
    _id: 5bbcc270684d566bf9ce862a,
    __v: 0 },
  { date1: { month: 8, day: 24, hour: 18 },
    moved: false,
    edited: true,
    taken: false,
    _id: 5ba90a009e5976138830a705,
    __v: 0 },
  { date1: { month: 8, day: 5, hour: 23 },
    moved: false,
    edited: true,
    taken: false,
    _id: 5b90450592f9854a684682f1,
    __v: 0 },
  { date1: { month: 8, day: 5, hour: 23 },
    moved: false,
    edited: true,
    taken: false,
    _id: 5b90453092f9854a684682f3,
    __v: 0 } ]
{ h: 18, wd: 1 }
No hi ha cap alerta!!
false
Promise { undefined }
girant...92
{ date1: { month: 9, day: 15, hour: 18 },
  moved: false,
  edited: false,
  taken: false,
  _id: 5bc4b9802264d4729a49de33,
  __v: 0 }
15
S'han actualitzat les hores anteriors
undefined
Alerta activada
[ { date1: { month: 9, day: 15, hour: 18 },
    moved: false,
    edited: true,
    taken: false,
    _id: 5bc4b9802264d4729a49de33,
    __v: 0 },
  { date1: { month: 9, day: 15, hour: 17 },
    moved: false,
    edited: true,
    taken: false,
    _id: 5bc4b3b92264d4729a49de30,
    __v: 0 },
  { date1: { month: 9, day: 15, hour: 17 },
    moved: false,
    edited: true,
    taken: false,
    _id: 5bc4b4032264d4729a49de32,
    __v: 0 },
  { date1: { month: 9, day: 14, hour: 16 },
    moved: false,
    edited: true,
    taken: false,
    _id: 5bc34be00af91c49ca4cb859,
    __v: 0 },
  { date1: { month: 9, day: 14, hour: 13 },
    moved: false,
    edited: true,
    taken: false,
    _id: 5bc321b00de3b344293c50cd,
    __v: 0 },
  { date1: { month: 9, day: 14, hour: 13 },
    moved: false,
    edited: true,
    taken: false,
    _id: 5bc321bf21f2644439ec805d,
    __v: 0 },
  { date1: { month: 9, day: 14, hour: 13 },
    moved: false,
    edited: true,
    taken: false,
    _id: 5bc321c721f2644439ec805e,
    __v: 0 },
  { date1: { month: 9, day: 14, hour: 13 },
    moved: false,
    edited: true,
    taken: false,
    _id: 5bc321ce21f2644439ec805f,
    __v: 0 },
  { date1: { month: 9, day: 14, hour: 13 },
    moved: false,
    edited: true,
    taken: false,
    _id: 5bc3222c9ae8bd445b33afb2,
    __v: 0 },
  { date1: { month: 9, day: 14, hour: 13 },
    moved: false,
    edited: true,
    taken: false,
    _id: 5bc3226e9ae8bd445b33afb3,
    __v: 0 },
  { date1: { month: 9, day: 14, hour: 13 },
    moved: false,
    edited: true,
    taken: false,
    _id: 5bc322769ae8bd445b33afb4,
    __v: 0 },
  { date1: { month: 9, day: 14, hour: 13 },
    moved: false,
    edited: true,
    taken: false,
    _id: 5bc3227a9ae8bd445b33afb5,
    __v: 0 },
  { date1: { month: 9, day: 14, hour: 13 },
    moved: false,
    edited: true,
    taken: false,
    _id: 5bc32297869ade447f978359,
    __v: 0 },
  { date1: { month: 9, day: 14, hour: 13 },
    moved: false,
    edited: true,
    taken: false,
    _id: 5bc3229d869ade447f97835a,
    __v: 0 },
  { date1: { month: 9, day: 14, hour: 13 },
    moved: false,
    edited: true,
    taken: false,
    _id: 5bc32316869ade447f97835b,
    __v: 0 },
  { date1: { month: 9, day: 14, hour: 13 },
    moved: false,
    edited: true,
    taken: false,
    _id: 5bc323aeb7cfcb44a3e18138,
    __v: 0 },
  { date1: { month: 9, day: 14, hour: 13 },
    moved: false,
    edited: true,
    taken: false,
    _id: 5bc323b7b7cfcb44a3e18139,
    __v: 0 },
  { date1: { month: 9, day: 14, hour: 13 },
    moved: false,
    edited: true,
    taken: false,
    _id: 5bc323b9b7cfcb44a3e1813a,
    __v: 0 },
  { date1: { month: 9, day: 14, hour: 13 },
    moved: false,
    edited: true,
    taken: false,
    _id: 5bc323bbb7cfcb44a3e1813b,
    __v: 0 },
  { date1: { month: 9, day: 14, hour: 13 },
    moved: false,
    edited: true,
    taken: false,
    _id: 5bc323cd84827d44b91e1cf3,
    __v: 0 },
  { date1: { month: 9, day: 14, hour: 13 },
    moved: false,
    edited: true,
    taken: false,
    _id: 5bc323e609658b45075bf6e3,
    __v: 0 },
  { date1: { month: 9, day: 14, hour: 13 },
    moved: false,
    edited: true,
    taken: false,
    _id: 5bc32409085f8d451e947cbd,
    __v: 0 },
  { date1: { month: 9, day: 14, hour: 12 },
    moved: false,
    edited: true,
    taken: false,
    _id: 5bc3214d77d5564417f64c97,
    __v: 0 },
  { date1: { month: 9, day: 14, hour: 12 },
    moved: false,
    edited: true,
    taken: false,
    _id: 5bc3216077d5564417f64c99,
    __v: 0 },
  { date1: { month: 9, day: 14, hour: 12 },
    moved: false,
    edited: true,
    taken: false,
    _id: 5bc321800de3b344293c50cb,
    __v: 0 },
  { date1: { month: 9, day: 14, hour: 12 },
    moved: false,
    edited: true,
    taken: false,
    _id: 5bc321860de3b344293c50cc,
    __v: 0 },
  { date1: { month: 9, day: 9, hour: 17 },
    moved: false,
    edited: true,
    taken: false,
    _id: 5bbcc270684d566bf9ce862a,
    __v: 0 },
  { date1: { month: 8, day: 24, hour: 18 },
    moved: false,
    edited: true,
    taken: false,
    _id: 5ba90a009e5976138830a705,
    __v: 0 },
  { date1: { month: 8, day: 5, hour: 23 },
    moved: false,
    edited: true,
    taken: false,
    _id: 5b90450592f9854a684682f1,
    __v: 0 },
  { date1: { month: 8, day: 5, hour: 23 },
    moved: false,
    edited: true,
    taken: false,
    _id: 5b90453092f9854a684682f3,
    __v: 0 } ]
[ { alerta: false,
    deactivated: true,
    hours: 8,
    _id: 5b90450e92f9854a684682f2,
    hour: 23,
    day: 5,
    month: 8,
    __v: 0 },
  { alerta: false,
    deactivated: true,
    hours: 12,
    _id: 5ba91108d7963713a7d7e632,
    hour: 18,
    day: 24,
    month: 8,
    __v: 0 },
  { alerta: false,
    deactivated: true,
    hours: 2,
    _id: 5bbcc978684d566bf9ce862b,
    hour: 17,
    day: 9,
    month: 9,
    __v: 0 },
  { alerta: false,
    deactivated: true,
    hours: 0,
    _id: 5bc328b8085f8d451e947cbe,
    hour: 13,
    day: 14,
    month: 9,
    __v: 0 },
  { alerta: false,
    deactivated: true,
    hours: 4,
    _id: 5bc352e80af91c49ca4cb85a,
    hour: 16,
    day: 14,
    month: 9,
    __v: 0 },
  { alerta: false,
    deactivated: true,
    hours: 2,
    _id: 5bc4b3cc2264d4729a49de31,
    hour: 17,
    day: 15,
    month: 9,
    __v: 0 },
  { alerta: true,
    deactivated: false,
    hours: 0,
    _id: 5bc4c0882264d4729a49de34,
    hour: 18,
    day: 15,
    month: 9,
    __v: 0 } ]
{ alerta: true,
  deactivated: false,
  hours: 0,
  _id: 5bc4c0882264d4729a49de34,
  hour: 18,
  day: 15,
  month: 9,
  __v: 0 }
{ '1': { hour: [ '12', '13', '14' ] },
  '2': { hour: [ '12', '13', '14' ] },
  '3': { hour: [ '12', '13', '14' ] },
  '4': { hour: [ '12', '13', '14' ] },
  '5': { hour: [ '12', '13', '14' ] },
  '6': { hour: [ '12', '13', '14' ] },
  '7': { hour: [ '12', '13', '14' ] },
  one: true,
  alert: true,
  _id: 5bc3215b77d5564417f64c98,
  __v: 0 }
[ { alerta: false,
    deactivated: true,
    hours: 8,
    _id: 5b90450e92f9854a684682f2,
    hour: 23,
    day: 5,
    month: 8,
    __v: 0 },
  { alerta: false,
    deactivated: true,
    hours: 12,
    _id: 5ba91108d7963713a7d7e632,
    hour: 18,
    day: 24,
    month: 8,
    __v: 0 },
  { alerta: false,
    deactivated: true,
    hours: 2,
    _id: 5bbcc978684d566bf9ce862b,
    hour: 17,
    day: 9,
    month: 9,
    __v: 0 },
  { alerta: false,
    deactivated: true,
    hours: 0,
    _id: 5bc328b8085f8d451e947cbe,
    hour: 13,
    day: 14,
    month: 9,
    __v: 0 },
  { alerta: false,
    deactivated: true,
    hours: 4,
    _id: 5bc352e80af91c49ca4cb85a,
    hour: 16,
    day: 14,
    month: 9,
    __v: 0 },
  { alerta: false,
    deactivated: true,
    hours: 2,
    _id: 5bc4b3cc2264d4729a49de31,
    hour: 17,
    day: 15,
    month: 9,
    __v: 0 },
  { alerta: false,
    deactivated: true,
    hours: 0,
    _id: 5bc4c0882264d4729a49de34,
    hour: 18,
    day: 15,
    month: 9,
    __v: 0 } ]
 server is running
 server is running
